<?xml version="1.0" encoding="UTF-8"?>
<!-- Generated by org.testng.reporters.JUnitXMLReporter -->
<testsuite ignored="3" hostname="LAPTOP-55F5BS9P" failures="0" tests="3" name="Test" time="0.044" errors="0" timestamp="2022-07-06T18:09:28 IST">
  <testcase classname="IncludeExclude.MyTestClass" name="a" time="0.007"/>
  <testcase classname="IncludeExclude.MyTestClass2" name="y" time="0.001"/>
  <testcase classname="IncludeExclude.MyTestClass2" name="z" time="0.0"/>
  <testcase classname="IncludeExclude.MyTestClass" name="v" time="0.0">
    <ignored/>
  </testcase> <!-- v -->
  <testcase classname="IncludeExclude.MyTestClass2" name="x" time="0.0">
    <ignored/>
  </testcase> <!-- x -->
  <testcase classname="IncludeExclude.MyTestClass" name="d" time="0.0">
    <ignored/>
  </testcase> <!-- d -->
</testsuite> <!-- Test -->
